2024-07-01 16:07:920 INFO  BankManagerLoginPage :19 - click on login [[ChromeDriver: chrome on windows (3db0074f5ec68d9cb4b76546f021a125)] -> xpath: //button[contains(text(),'Bank Manager Login')]]
2024-07-01 16:07:581 INFO  OpenAccountPage :31 - click on open account[[ChromeDriver: chrome on windows (3db0074f5ec68d9cb4b76546f021a125)] -> xpath: //body/div[1]/div[1]/div[2]/div[1]/div[1]/button[2]]
2024-07-01 16:07:473 INFO  OpenAccountPage :36 - Select customer[[ChromeDriver: chrome on windows (3db0074f5ec68d9cb4b76546f021a125)] -> id: userSelect]
2024-07-01 16:07:673 INFO  OpenAccountPage :41 - Select currency[[ChromeDriver: chrome on windows (3db0074f5ec68d9cb4b76546f021a125)] -> id: currency]
2024-07-01 16:07:864 INFO  OpenAccountPage :46 - click on button [[ChromeDriver: chrome on windows (3db0074f5ec68d9cb4b76546f021a125)] -> xpath: //button[contains(text(),'Process')]]
2024-07-01 16:07:963 INFO  BankManagerLoginPage :19 - click on login [[ChromeDriver: chrome on windows (741b90d19c8e8adb2fd7c06d7e554626)] -> xpath: //button[contains(text(),'Bank Manager Login')]]
2024-07-01 16:07:547 INFO  OpenAccountPage :31 - click on open account[[ChromeDriver: chrome on windows (741b90d19c8e8adb2fd7c06d7e554626)] -> xpath: //body/div[1]/div[1]/div[2]/div[1]/div[1]/button[2]]
2024-07-01 16:07:256 INFO  OpenAccountPage :36 - Select customer[[ChromeDriver: chrome on windows (741b90d19c8e8adb2fd7c06d7e554626)] -> id: userSelect]
2024-07-01 16:07:423 INFO  OpenAccountPage :41 - Select currency[[ChromeDriver: chrome on windows (741b90d19c8e8adb2fd7c06d7e554626)] -> id: currency]
2024-07-01 16:07:530 INFO  OpenAccountPage :46 - click on button [[ChromeDriver: chrome on windows (741b90d19c8e8adb2fd7c06d7e554626)] -> xpath: //button[contains(text(),'Process')]]
2024-07-01 16:07:260 INFO  BankManagerLoginPage :19 - click on login [[ChromeDriver: chrome on windows (d5222f558c22cb4215ee1276c0197907)] -> xpath: //button[contains(text(),'Bank Manager Login')]]
2024-07-01 16:07:846 INFO  OpenAccountPage :31 - click on open account[[ChromeDriver: chrome on windows (d5222f558c22cb4215ee1276c0197907)] -> xpath: //body/div[1]/div[1]/div[2]/div[1]/div[1]/button[2]]
2024-07-01 16:07:530 INFO  OpenAccountPage :36 - Select customer[[ChromeDriver: chrome on windows (d5222f558c22cb4215ee1276c0197907)] -> id: userSelect]
2024-07-01 16:07:710 INFO  OpenAccountPage :41 - Select currency[[ChromeDriver: chrome on windows (d5222f558c22cb4215ee1276c0197907)] -> id: currency]
2024-07-01 16:07:806 INFO  OpenAccountPage :46 - click on button [[ChromeDriver: chrome on windows (d5222f558c22cb4215ee1276c0197907)] -> xpath: //button[contains(text(),'Process')]]
2024-07-01 17:07:41 INFO  BankManagerLoginPage :19 - click on login [[ChromeDriver: chrome on windows (69ac222d4308c863aa136b04b1829045)] -> xpath: //button[contains(text(),'Bank Manager Login')]]
2024-07-01 17:07:581 INFO  OpenAccountPage :31 - click on open account[[ChromeDriver: chrome on windows (69ac222d4308c863aa136b04b1829045)] -> xpath: //body/div[1]/div[1]/div[2]/div[1]/div[1]/button[2]]
2024-07-01 17:07:243 INFO  OpenAccountPage :36 - Select customer[[ChromeDriver: chrome on windows (69ac222d4308c863aa136b04b1829045)] -> id: userSelect]
2024-07-01 17:07:422 INFO  OpenAccountPage :41 - Select currency[[ChromeDriver: chrome on windows (69ac222d4308c863aa136b04b1829045)] -> id: currency]
2024-07-01 17:07:553 INFO  OpenAccountPage :46 - click on button [[ChromeDriver: chrome on windows (69ac222d4308c863aa136b04b1829045)] -> xpath: //button[contains(text(),'Process')]]
2024-07-01 17:07:647 INFO  BankManagerLoginPage :19 - click on login [[ChromeDriver: chrome on windows (3c7a0d0e6f20bb5ba20f8cf503f191c0)] -> xpath: //button[contains(text(),'Bank Manager Login')]]
2024-07-01 17:07:837 INFO  AddCustomerPage :19 - click on add customer[[ChromeDriver: chrome on windows (3c7a0d0e6f20bb5ba20f8cf503f191c0)] -> xpath: //body/div[1]/div[1]/div[2]/div[1]/div[1]/button[1]]
2024-07-01 17:07:738 INFO  AddCustomerPage :28 - click on add name[[ChromeDriver: chrome on windows (3c7a0d0e6f20bb5ba20f8cf503f191c0)] -> xpath: //body/div[1]/div[1]/div[2]/div[1]/div[2]/div[1]/div[1]/form[1]/div[1]/input[1]]
2024-07-01 17:07:977 INFO  AddCustomerPage :37 - click on add name[[ChromeDriver: chrome on windows (3c7a0d0e6f20bb5ba20f8cf503f191c0)] -> xpath: //body/div[1]/div[1]/div[2]/div[1]/div[2]/div[1]/div[1]/form[1]/div[2]/input[1]]
2024-07-01 17:07:288 INFO  AddCustomerPage :46 - click on add postcode[[ChromeDriver: chrome on windows (3c7a0d0e6f20bb5ba20f8cf503f191c0)] -> xpath: //body/div[1]/div[1]/div[2]/div[1]/div[2]/div[1]/div[1]/form[1]/div[3]/input[1]]
2024-07-01 17:07:456 INFO  AddCustomerPage :55 - click on add button [[ChromeDriver: chrome on windows (3c7a0d0e6f20bb5ba20f8cf503f191c0)] -> xpath: //body/div[1]/div[1]/div[2]/div[1]/div[2]/div[1]/div[1]/form[1]/button[1]]
2024-07-01 17:07:720 INFO  BankManagerLoginPage :19 - click on login [[ChromeDriver: chrome on windows (c9ec5ac3b47677951268da90cd33cf41)] -> xpath: //button[contains(text(),'Bank Manager Login')]]
2024-07-01 17:07:362 INFO  OpenAccountPage :31 - click on open account[[ChromeDriver: chrome on windows (c9ec5ac3b47677951268da90cd33cf41)] -> xpath: //body/div[1]/div[1]/div[2]/div[1]/div[1]/button[2]]
2024-07-01 17:07:17 INFO  OpenAccountPage :36 - Select customer[[ChromeDriver: chrome on windows (c9ec5ac3b47677951268da90cd33cf41)] -> id: userSelect]
2024-07-01 17:07:266 INFO  OpenAccountPage :41 - Select currency[[ChromeDriver: chrome on windows (c9ec5ac3b47677951268da90cd33cf41)] -> id: currency]
2024-07-01 17:07:399 INFO  OpenAccountPage :46 - click on button [[ChromeDriver: chrome on windows (c9ec5ac3b47677951268da90cd33cf41)] -> xpath: //button[contains(text(),'Process')]]
2024-07-01 17:07:538 INFO  BankManagerLoginPage :19 - click on login [[ChromeDriver: chrome on windows (6ced928dcaf4f4f042cdb6d5e2b7f178)] -> xpath: //button[contains(text(),'Bank Manager Login')]]
2024-07-01 17:07:120 INFO  AddCustomerPage :19 - click on add customer[[ChromeDriver: chrome on windows (6ced928dcaf4f4f042cdb6d5e2b7f178)] -> xpath: //body/div[1]/div[1]/div[2]/div[1]/div[1]/button[1]]
2024-07-01 17:07:908 INFO  AddCustomerPage :28 - click on add name[[ChromeDriver: chrome on windows (6ced928dcaf4f4f042cdb6d5e2b7f178)] -> xpath: //body/div[1]/div[1]/div[2]/div[1]/div[2]/div[1]/div[1]/form[1]/div[1]/input[1]]
2024-07-01 17:07:119 INFO  AddCustomerPage :37 - click on add name[[ChromeDriver: chrome on windows (6ced928dcaf4f4f042cdb6d5e2b7f178)] -> xpath: //body/div[1]/div[1]/div[2]/div[1]/div[2]/div[1]/div[1]/form[1]/div[2]/input[1]]
2024-07-01 17:07:317 INFO  AddCustomerPage :46 - click on add postcode[[ChromeDriver: chrome on windows (6ced928dcaf4f4f042cdb6d5e2b7f178)] -> xpath: //body/div[1]/div[1]/div[2]/div[1]/div[2]/div[1]/div[1]/form[1]/div[3]/input[1]]
2024-07-01 17:07:432 INFO  AddCustomerPage :55 - click on add button [[ChromeDriver: chrome on windows (6ced928dcaf4f4f042cdb6d5e2b7f178)] -> xpath: //body/div[1]/div[1]/div[2]/div[1]/div[2]/div[1]/div[1]/form[1]/button[1]]
2024-07-01 17:07:673 INFO  BankManagerLoginPage :19 - click on login [[ChromeDriver: chrome on windows (dbad0bafae58a1f2f321fb608d453438)] -> xpath: //button[contains(text(),'Bank Manager Login')]]
2024-07-01 17:07:354 INFO  OpenAccountPage :31 - click on open account[[ChromeDriver: chrome on windows (dbad0bafae58a1f2f321fb608d453438)] -> xpath: //body/div[1]/div[1]/div[2]/div[1]/div[1]/button[2]]
2024-07-01 17:07:106 INFO  OpenAccountPage :36 - Select customer[[ChromeDriver: chrome on windows (dbad0bafae58a1f2f321fb608d453438)] -> id: userSelect]
2024-07-01 17:07:324 INFO  OpenAccountPage :41 - Select currency[[ChromeDriver: chrome on windows (dbad0bafae58a1f2f321fb608d453438)] -> id: currency]
2024-07-01 17:07:436 INFO  OpenAccountPage :46 - click on button [[ChromeDriver: chrome on windows (dbad0bafae58a1f2f321fb608d453438)] -> xpath: //button[contains(text(),'Process')]]
2024-07-01 17:07:160 INFO  BankManagerLoginPage :19 - click on login [[ChromeDriver: chrome on windows (97431a398afacd0ad95246a4499bb299)] -> xpath: //button[contains(text(),'Bank Manager Login')]]
2024-07-01 17:07:770 INFO  AddCustomerPage :19 - click on add customer[[ChromeDriver: chrome on windows (97431a398afacd0ad95246a4499bb299)] -> xpath: //body/div[1]/div[1]/div[2]/div[1]/div[1]/button[1]]
2024-07-01 17:07:502 INFO  AddCustomerPage :28 - click on add name[[ChromeDriver: chrome on windows (97431a398afacd0ad95246a4499bb299)] -> xpath: //body/div[1]/div[1]/div[2]/div[1]/div[2]/div[1]/div[1]/form[1]/div[1]/input[1]]
2024-07-01 17:07:707 INFO  AddCustomerPage :37 - click on add name[[ChromeDriver: chrome on windows (97431a398afacd0ad95246a4499bb299)] -> xpath: //body/div[1]/div[1]/div[2]/div[1]/div[2]/div[1]/div[1]/form[1]/div[2]/input[1]]
2024-07-01 17:07:906 INFO  AddCustomerPage :46 - click on add postcode[[ChromeDriver: chrome on windows (97431a398afacd0ad95246a4499bb299)] -> xpath: //body/div[1]/div[1]/div[2]/div[1]/div[2]/div[1]/div[1]/form[1]/div[3]/input[1]]
2024-07-01 17:07:19 INFO  AddCustomerPage :55 - click on add button [[ChromeDriver: chrome on windows (97431a398afacd0ad95246a4499bb299)] -> xpath: //body/div[1]/div[1]/div[2]/div[1]/div[2]/div[1]/div[1]/form[1]/button[1]]
2024-07-01 17:07:138 INFO  BankManagerLoginPage :19 - click on login [[ChromeDriver: chrome on windows (3b8965bd8a0cc0ab77c851cefc5bcc96)] -> xpath: //button[contains(text(),'Bank Manager Login')]]
2024-07-01 17:07:141 INFO  OpenAccountPage :31 - click on open account[[ChromeDriver: chrome on windows (3b8965bd8a0cc0ab77c851cefc5bcc96)] -> xpath: //body/div[1]/div[1]/div[2]/div[1]/div[1]/button[2]]
2024-07-01 17:07:832 INFO  OpenAccountPage :36 - Select customer[[ChromeDriver: chrome on windows (3b8965bd8a0cc0ab77c851cefc5bcc96)] -> id: userSelect]
2024-07-01 17:07:997 INFO  OpenAccountPage :41 - Select currency[[ChromeDriver: chrome on windows (3b8965bd8a0cc0ab77c851cefc5bcc96)] -> id: currency]
2024-07-01 17:07:109 INFO  OpenAccountPage :46 - click on button [[ChromeDriver: chrome on windows (3b8965bd8a0cc0ab77c851cefc5bcc96)] -> xpath: //button[contains(text(),'Process')]]
2024-07-01 20:07:177 INFO  BankManagerLoginPage :19 - click on login [[ChromeDriver: chrome on windows (cb66b7b031e5f0abcdcdeae3f2f2f047)] -> xpath: //button[contains(text(),'Bank Manager Login')]]
2024-07-01 20:07:727 INFO  AddCustomerPage :19 - click on add customer[[ChromeDriver: chrome on windows (cb66b7b031e5f0abcdcdeae3f2f2f047)] -> xpath: //body/div[1]/div[1]/div[2]/div[1]/div[1]/button[1]]
2024-07-01 20:07:326 INFO  AddCustomerPage :28 - click on add name[[ChromeDriver: chrome on windows (cb66b7b031e5f0abcdcdeae3f2f2f047)] -> xpath: //body/div[1]/div[1]/div[2]/div[1]/div[2]/div[1]/div[1]/form[1]/div[1]/input[1]]
2024-07-01 20:07:430 INFO  AddCustomerPage :37 - click on add name[[ChromeDriver: chrome on windows (cb66b7b031e5f0abcdcdeae3f2f2f047)] -> xpath: //body/div[1]/div[1]/div[2]/div[1]/div[2]/div[1]/div[1]/form[1]/div[2]/input[1]]
2024-07-01 20:07:525 INFO  AddCustomerPage :46 - click on add postcode[[ChromeDriver: chrome on windows (cb66b7b031e5f0abcdcdeae3f2f2f047)] -> xpath: //body/div[1]/div[1]/div[2]/div[1]/div[2]/div[1]/div[1]/form[1]/div[3]/input[1]]
2024-07-01 20:07:593 INFO  AddCustomerPage :55 - click on add button [[ChromeDriver: chrome on windows (cb66b7b031e5f0abcdcdeae3f2f2f047)] -> xpath: //body/div[1]/div[1]/div[2]/div[1]/div[2]/div[1]/div[1]/form[1]/button[1]]
2024-07-01 20:07:301 INFO  BankManagerLoginPage :19 - click on login [[ChromeDriver: chrome on windows (9ad48cb1dabf976039f16bc4f52b15f1)] -> xpath: //button[contains(text(),'Bank Manager Login')]]
2024-07-01 20:07:923 INFO  OpenAccountPage :31 - click on open account[[ChromeDriver: chrome on windows (9ad48cb1dabf976039f16bc4f52b15f1)] -> xpath: //body/div[1]/div[1]/div[2]/div[1]/div[1]/button[2]]
2024-07-01 20:07:536 INFO  OpenAccountPage :36 - Select customer[[ChromeDriver: chrome on windows (9ad48cb1dabf976039f16bc4f52b15f1)] -> id: userSelect]
2024-07-01 20:07:629 INFO  OpenAccountPage :41 - Select currency[[ChromeDriver: chrome on windows (9ad48cb1dabf976039f16bc4f52b15f1)] -> id: currency]
2024-07-01 20:07:680 INFO  OpenAccountPage :46 - click on button [[ChromeDriver: chrome on windows (9ad48cb1dabf976039f16bc4f52b15f1)] -> xpath: //button[contains(text(),'Process')]]
2024-07-01 20:07:535 INFO  CustomerLoginPage :19 - click on customer[[ChromeDriver: chrome on windows (896e61e49fccd7714827d80ff445aaae)] -> xpath: //button[contains(text(),'Customer Login')]]
2024-07-01 20:07:164 INFO  CustomerLoginPage :28 - search customer[[ChromeDriver: chrome on windows (896e61e49fccd7714827d80ff445aaae)] -> xpath: //select[@id='userSelect']]
2024-07-01 20:07:225 INFO  CustomerLoginPage :37 - click on login [[ChromeDriver: chrome on windows (896e61e49fccd7714827d80ff445aaae)] -> xpath: //button[contains(text(),'Login')]]
2024-07-01 20:07:242 INFO  CustomerLoginPage :45 - verify logout [[ChromeDriver: chrome on windows (896e61e49fccd7714827d80ff445aaae)] -> xpath: //button[contains(text(),'Logout')]]
2024-07-01 20:07:616 INFO  CustomerLoginPage :56 - click on logout [[ChromeDriver: chrome on windows (896e61e49fccd7714827d80ff445aaae)] -> xpath: //button[contains(text(),'Logout')]]
2024-07-01 20:07:674 INFO  CustomerLoginPage :65 - verify name [[ChromeDriver: chrome on windows (896e61e49fccd7714827d80ff445aaae)] -> xpath: //label[contains(text(),'Your Name :')]]
2024-07-01 20:07:779 INFO  CustomerLoginPage :19 - click on customer[[ChromeDriver: chrome on windows (19bcfd1f1782a4c1bba5ae9325f81e38)] -> xpath: //button[contains(text(),'Customer Login')]]
2024-07-01 20:07:315 INFO  CustomerLoginPage :28 - search customer[[ChromeDriver: chrome on windows (19bcfd1f1782a4c1bba5ae9325f81e38)] -> xpath: //select[@id='userSelect']]
2024-07-01 20:07:372 INFO  CustomerLoginPage :37 - click on login [[ChromeDriver: chrome on windows (19bcfd1f1782a4c1bba5ae9325f81e38)] -> xpath: //button[contains(text(),'Login')]]
2024-07-01 20:07:919 INFO  AccountPage :51 - click on deoposit[[ChromeDriver: chrome on windows (19bcfd1f1782a4c1bba5ae9325f81e38)] -> xpath: //div[@ng-hide='noAccount']//button[2]]
2024-07-01 20:07:476 INFO  AccountPage :56 - click on deoposit[[ChromeDriver: chrome on windows (19bcfd1f1782a4c1bba5ae9325f81e38)] -> xpath: //div[@ng-hide='noAccount']//button[2]]
2024-07-01 20:07:550 INFO  AccountPage :61 - click on deoposit[[ChromeDriver: chrome on windows (19bcfd1f1782a4c1bba5ae9325f81e38)] -> xpath: //div[@ng-hide='noAccount']//button[2]]
2024-07-01 20:07:564 INFO  AccountPage :80 - verify transaction [[ChromeDriver: chrome on windows (19bcfd1f1782a4c1bba5ae9325f81e38)] -> xpath: //span[contains(text(),'Deposit Successful')]]
2024-07-01 20:07:876 INFO  CustomerLoginPage :19 - click on customer[[ChromeDriver: chrome on windows (d71093513ba7819a7ef39f6e2535a4e5)] -> xpath: //button[contains(text(),'Customer Login')]]
2024-07-01 20:07:438 INFO  CustomerLoginPage :28 - search customer[[ChromeDriver: chrome on windows (d71093513ba7819a7ef39f6e2535a4e5)] -> xpath: //select[@id='userSelect']]
2024-07-01 20:07:497 INFO  CustomerLoginPage :37 - click on login [[ChromeDriver: chrome on windows (d71093513ba7819a7ef39f6e2535a4e5)] -> xpath: //button[contains(text(),'Login')]]
2024-07-01 20:07:42 INFO  AccountPage :66 - click on deoposit[[ChromeDriver: chrome on windows (d71093513ba7819a7ef39f6e2535a4e5)] -> xpath: //div[@ng-hide='noAccount']//button[2]]
2024-07-01 20:07:646 INFO  AccountPage :71 - withdraw amount [[ChromeDriver: chrome on windows (d71093513ba7819a7ef39f6e2535a4e5)] -> tag name: input]
2024-07-01 20:07:703 INFO  AccountPage :76 - click on withdraw[[ChromeDriver: chrome on windows (d71093513ba7819a7ef39f6e2535a4e5)] -> xpath: //body/div[1]/div[1]/div[2]/div[1]/div[4]/div[1]/form[1]/button[1]]
2024-07-01 20:07:717 INFO  AccountPage :86 - verify transaction [[ChromeDriver: chrome on windows (d71093513ba7819a7ef39f6e2535a4e5)] -> xpath: //span[contains(text(),'Transaction successful')]]
2024-07-01 20:07:992 INFO  BankManagerLoginPage :19 - click on login [[ChromeDriver: chrome on windows (ba322ec854b77e3f4fd05e6b0486945f)] -> xpath: //button[contains(text(),'Bank Manager Login')]]
2024-07-01 20:07:517 INFO  AddCustomerPage :19 - click on add customer[[ChromeDriver: chrome on windows (ba322ec854b77e3f4fd05e6b0486945f)] -> xpath: //body/div[1]/div[1]/div[2]/div[1]/div[1]/button[1]]
2024-07-01 20:07:104 INFO  AddCustomerPage :28 - click on add name[[ChromeDriver: chrome on windows (ba322ec854b77e3f4fd05e6b0486945f)] -> xpath: //body/div[1]/div[1]/div[2]/div[1]/div[2]/div[1]/div[1]/form[1]/div[1]/input[1]]
2024-07-01 20:07:205 INFO  AddCustomerPage :37 - click on add name[[ChromeDriver: chrome on windows (ba322ec854b77e3f4fd05e6b0486945f)] -> xpath: //body/div[1]/div[1]/div[2]/div[1]/div[2]/div[1]/div[1]/form[1]/div[2]/input[1]]
2024-07-01 20:07:294 INFO  AddCustomerPage :46 - click on add postcode[[ChromeDriver: chrome on windows (ba322ec854b77e3f4fd05e6b0486945f)] -> xpath: //body/div[1]/div[1]/div[2]/div[1]/div[2]/div[1]/div[1]/form[1]/div[3]/input[1]]
2024-07-01 20:07:362 INFO  AddCustomerPage :55 - click on add button [[ChromeDriver: chrome on windows (ba322ec854b77e3f4fd05e6b0486945f)] -> xpath: //body/div[1]/div[1]/div[2]/div[1]/div[2]/div[1]/div[1]/form[1]/button[1]]
2024-07-01 20:07:598 INFO  BankManagerLoginPage :19 - click on login [[ChromeDriver: chrome on windows (fb4e100ab203c44affaecb2a2b4bf989)] -> xpath: //button[contains(text(),'Bank Manager Login')]]
2024-07-01 20:07:102 INFO  OpenAccountPage :31 - click on open account[[ChromeDriver: chrome on windows (fb4e100ab203c44affaecb2a2b4bf989)] -> xpath: //body/div[1]/div[1]/div[2]/div[1]/div[1]/button[2]]
2024-07-01 20:07:679 INFO  OpenAccountPage :36 - Select customer[[ChromeDriver: chrome on windows (fb4e100ab203c44affaecb2a2b4bf989)] -> id: userSelect]
2024-07-01 20:07:779 INFO  OpenAccountPage :41 - Select currency[[ChromeDriver: chrome on windows (fb4e100ab203c44affaecb2a2b4bf989)] -> id: currency]
2024-07-01 20:07:844 INFO  OpenAccountPage :46 - click on button [[ChromeDriver: chrome on windows (fb4e100ab203c44affaecb2a2b4bf989)] -> xpath: //button[contains(text(),'Process')]]
